<?xml version="1.0" encoding="utf-8"?><testsuites><testsuite name="pytest" errors="0" failures="0" skipped="1" tests="1" time="0.150" timestamp="2023-09-04T17:07:15.751347" hostname="DESKTOP-LJBKL1E"><testcase classname="tests.test_version" name="test_version" time="0.004"><skipped type="pytest.skip" message="async def function and no async plugin installed (see warnings)">C:\Users\brad\src\asyncpd\.tox\py\lib\site-packages\_pytest\python.py:184: async def function and no async plugin installed (see warnings)</skipped></testcase></testsuite></testsuites>